[2025-08-26 06:27:14] Request: GET suppliers
[2025-08-26 06:27:14] Database connection established
[2025-08-26 06:27:14] Headers received: {"connection":"close","host":"localhost","user-agent":"Mozilla\/5.0 (Windows NT; Windows NT 10.0; en-PH) WindowsPowerShell\/5.1.26100.4768","authorization":"Bearer test"}
[2025-08-26 06:27:14] Auth header: Bearer test
[2025-08-26 06:27:14] Token extracted: test...
[2025-08-26 06:27:14] Token verification failed - invalid token
[2025-08-26 06:27:14] Token verification error: Invalid token
[2025-08-26 06:32:12] Request: GET suppliers
[2025-08-26 06:32:12] Database connection established
[2025-08-26 06:32:12] Auth header from SERVER: Bearer test
[2025-08-26 06:32:12] Token extracted: test...
[2025-08-26 06:32:12] Token verification failed - invalid token
[2025-08-26 06:32:12] Token verification error: Invalid token
[2025-08-26 06:32:55] Request: GET suppliers
[2025-08-26 06:32:56] Database connection established
[2025-08-26 06:32:56] Auth header from SERVER: Bearer eyJ0eXAiOiJKV1QiLCJhbGciOiJIUzI1NiJ9.eyJ1c2VyX2lkIjoxNSwidXNlcm5hbWUiOiJTdXBlckFkbWluQWNjb3VudCIsInJvbGVzIjpbIlN1cGVyIEFkbWluIl0sImlhdCI6MTc1NjE4Mjc3MCwiZXhwIjoxNzU2MTg2MzcwfQ.wsn6V-HSS2N1UIqx6dCKNiSfwyf6kEM0_iGtcjtFP_Q
[2025-08-26 06:32:56] Token extracted: eyJ0eXAiOiJKV1QiLCJh...
[2025-08-26 06:32:56] Token verified successfully for user: 15
[2025-08-26 06:32:56] User verified: 15
[2025-08-26 06:32:56] User roles: ["Super Admin"]
[2025-08-26 06:32:56] User ID: 15
[2025-08-26 06:32:56] Admin access granted: true
[2025-08-26 06:32:56] Access granted - proceeding with request
